2025-03-11T17:04:33[WARNING] qosbrowser\src\bend\dao\configs\versionjson.cpp VersionJson::setVersion : 24 -  ""
2025-03-11T17:04:33[WARNING] qosbrowser\src\bend\dao\clouds\daocloudscos.cpp DaoCloudsCos::DaoCloudsCos : 12 -  "The program uses Tencent cloud object storage."
"腾讯云错误码【InvalidAccessKeyId】：The access key Id format you provided is invalid."
2025-03-11T17:04:46[ERROR] qosbrowser\src\bend\gateway.cpp GateWay::send::<lambda_ecc1db54a593729f20bfde08a00ea8a3>::operator () : 20 -  " Current Thread ID is 0x3efc." "错误（211000）： 用户登录用户密码， 详情： 腾讯云错误码【InvalidAccessKeyId】：The access key Id format you provided is invalid."
2025-03-11T17:21:17[WARNING] qosbrowser\src\bend\dao\configs\versionjson.cpp VersionJson::setVersion : 24 -  ""
2025-03-11T17:21:17[WARNING] qosbrowser\src\bend\dao\clouds\daocloudscos.cpp DaoCloudsCos::DaoCloudsCos : 12 -  "The program uses Tencent cloud object storage."
2025-03-11T17:24:59[WARNING] qosbrowser\src\bend\dao\configs\versionjson.cpp VersionJson::setVersion : 24 -  ""
2025-03-11T17:24:59[WARNING] qosbrowser\src\bend\dao\clouds\daocloudscos.cpp DaoCloudsCos::DaoCloudsCos : 12 -  "The program uses Tencent cloud object storage."
2025-03-11T17:25:07[WARNING] qosbrowser\src\bend\dao\configs\versionjson.cpp VersionJson::setVersion : 24 -  ""
2025-03-11T17:25:07[WARNING] qosbrowser\src\bend\dao\clouds\daocloudscos.cpp DaoCloudsCos::DaoCloudsCos : 12 -  "The program uses Tencent cloud object storage."
"腾讯云错误码【InvalidAccessKeyId】：The access key Id format you provided is invalid."
2025-03-11T17:25:28[ERROR] qosbrowser\src\bend\gateway.cpp GateWay::send::<lambda_ecc1db54a593729f20bfde08a00ea8a3>::operator () : 20 -  " Current Thread ID is 0xe9c." "错误（211000）： 用户登录用户密码， 详情： 腾讯云错误码【InvalidAccessKeyId】：The access key Id format you provided is invalid."
2025-03-11T17:28:47[WARNING] qosbrowser\src\bend\dao\configs\versionjson.cpp VersionJson::setVersion : 24 -  ""
2025-03-11T17:28:47[WARNING] qosbrowser\src\bend\dao\clouds\daocloudscos.cpp DaoCloudsCos::DaoCloudsCos : 12 -  "The program uses Tencent cloud object storage."
2025-03-11T17:39:51[WARNING] qosbrowser\src\bend\dao\configs\versionjson.cpp VersionJson::setVersion : 24 -  ""
2025-03-11T17:39:51[WARNING] qosbrowser\src\bend\dao\clouds\daocloudscos.cpp DaoCloudsCos::DaoCloudsCos : 12 -  "The program uses Tencent cloud object storage."
"腾讯云错误码【SignatureDoesNotMatch】：The Signature you specified is invalid."
2025-03-11T17:41:00[ERROR] qosbrowser\src\bend\gateway.cpp GateWay::send::<lambda_ecc1db54a593729f20bfde08a00ea8a3>::operator () : 20 -  " Current Thread ID is 0x4ed0." "错误（211000）： 用户登录用户密码， 详情： 腾讯云错误码【SignatureDoesNotMatch】：The Signature you specified is invalid."
2025-03-11T17:43:06[WARNING] qosbrowser\src\bend\dao\configs\versionjson.cpp VersionJson::setVersion : 24 -  ""
2025-03-11T17:43:06[WARNING] qosbrowser\src\bend\dao\clouds\daocloudscos.cpp DaoCloudsCos::DaoCloudsCos : 12 -  "The program uses Tencent cloud object storage."
2025-03-11T17:45:46[WARNING] qosbrowser\src\bend\dao\configs\versionjson.cpp VersionJson::setVersion : 24 -  ""
2025-03-11T17:45:46[WARNING] qosbrowser\src\bend\dao\clouds\daocloudscos.cpp DaoCloudsCos::DaoCloudsCos : 12 -  "The program uses Tencent cloud object storage."
2025-03-11T17:59:53[WARNING] qosbrowser\src\bend\dao\configs\versionjson.cpp VersionJson::setVersion : 24 -  ""
2025-03-11T17:59:53[WARNING] qosbrowser\src\bend\dao\clouds\daocloudscos.cpp DaoCloudsCos::DaoCloudsCos : 12 -  "The program uses Tencent cloud object storage."
2025-03-11T18:07:51[WARNING] qosbrowser\src\bend\dao\configs\versionjson.cpp VersionJson::setVersion : 24 -  ""
2025-03-11T18:07:51[WARNING] qosbrowser\src\bend\dao\clouds\daocloudscos.cpp DaoCloudsCos::DaoCloudsCos : 12 -  "The program uses Tencent cloud object storage."
"腾讯云错误码【InvalidAccessKeyId】：The access key Id format you provided is invalid."
2025-03-11T18:08:09[ERROR] qosbrowser\src\bend\gateway.cpp GateWay::send::<lambda_ecc1db54a593729f20bfde08a00ea8a3>::operator () : 20 -  " Current Thread ID is 0x5cc8." "错误（211000）： 用户登录用户密码， 详情： 腾讯云错误码【InvalidAccessKeyId】：The access key Id format you provided is invalid."
"腾讯云错误码【InvalidAccessKeyId】：The access key Id format you provided is invalid."
2025-03-11T18:08:47[ERROR] qosbrowser\src\bend\gateway.cpp GateWay::send::<lambda_ecc1db54a593729f20bfde08a00ea8a3>::operator () : 20 -  " Current Thread ID is 0x4374." "错误（211000）： 用户登录用户密码， 详情： 腾讯云错误码【InvalidAccessKeyId】：The access key Id format you provided is invalid."
"腾讯云错误码【SignatureDoesNotMatch】：The Signature you specified is invalid."
2025-03-11T18:11:11[ERROR] qosbrowser\src\bend\gateway.cpp GateWay::send::<lambda_ecc1db54a593729f20bfde08a00ea8a3>::operator () : 20 -  " Current Thread ID is 0x45b8." "错误（211000）： 用户登录用户密码， 详情： 腾讯云错误码【SignatureDoesNotMatch】：The Signature you specified is invalid."
2025-03-11T18:12:35[WARNING] qosbrowser\src\bend\dao\configs\versionjson.cpp VersionJson::setVersion : 24 -  ""
2025-03-11T18:12:35[WARNING] qosbrowser\src\bend\dao\clouds\daocloudscos.cpp DaoCloudsCos::DaoCloudsCos : 12 -  "The program uses Tencent cloud object storage."
2025-03-11T18:12:55[WARNING] qosbrowser\src\bend\dao\configs\versionjson.cpp VersionJson::setVersion : 24 -  ""
2025-03-11T18:12:55[WARNING] qosbrowser\src\bend\dao\clouds\daocloudscos.cpp DaoCloudsCos::DaoCloudsCos : 12 -  "The program uses Tencent cloud object storage."
2025-03-11T18:13:34[WARNING] qosbrowser\src\bend\dao\configs\versionjson.cpp VersionJson::setVersion : 24 -  ""
2025-03-11T18:13:34[WARNING] qosbrowser\src\bend\dao\clouds\daocloudscos.cpp DaoCloudsCos::DaoCloudsCos : 12 -  "The program uses Tencent cloud object storage."
2025-03-11T18:48:48[WARNING] qosbrowser\src\bend\dao\configs\versionjson.cpp VersionJson::setVersion : 24 -  ""
2025-03-11T18:48:48[WARNING] qosbrowser\src\bend\dao\clouds\daocloudscos.cpp DaoCloudsCos::DaoCloudsCos : 12 -  "The program uses Tencent cloud object storage."
"腾讯云错误码【SignatureDoesNotMatch】：The Signature you specified is invalid."
2025-03-11T18:50:51[ERROR] qosbrowser\src\bend\gateway.cpp GateWay::send::<lambda_ecc1db54a593729f20bfde08a00ea8a3>::operator () : 20 -  " Current Thread ID is 0x23fc." "错误（211000）： 用户登录用户密码， 详情： 腾讯云错误码【SignatureDoesNotMatch】：The Signature you specified is invalid."
"腾讯云错误码【SignatureDoesNotMatch】：The Signature you specified is invalid."
2025-03-11T18:53:12[ERROR] qosbrowser\src\bend\gateway.cpp GateWay::send::<lambda_ecc1db54a593729f20bfde08a00ea8a3>::operator () : 20 -  " Current Thread ID is 0x4878." "错误（211000）： 用户登录用户密码， 详情： 腾讯云错误码【SignatureDoesNotMatch】：The Signature you specified is invalid."
"腾讯云错误码【SignatureDoesNotMatch】：The Signature you specified is invalid."
2025-03-11T18:53:27[ERROR] qosbrowser\src\bend\gateway.cpp GateWay::send::<lambda_ecc1db54a593729f20bfde08a00ea8a3>::operator () : 20 -  " Current Thread ID is 0x1868." "错误（211000）： 用户登录用户密码， 详情： 腾讯云错误码【SignatureDoesNotMatch】：The Signature you specified is invalid."
"腾讯云错误码【SignatureDoesNotMatch】：The Signature you specified is invalid."
2025-03-11T18:53:36[ERROR] qosbrowser\src\bend\gateway.cpp GateWay::send::<lambda_ecc1db54a593729f20bfde08a00ea8a3>::operator () : 20 -  " Current Thread ID is 0x15e4." "错误（211000）： 用户登录用户密码， 详情： 腾讯云错误码【SignatureDoesNotMatch】：The Signature you specified is invalid."
"腾讯云错误码【SignatureDoesNotMatch】：The Signature you specified is invalid."
2025-03-11T18:53:38[ERROR] qosbrowser\src\bend\gateway.cpp GateWay::send::<lambda_ecc1db54a593729f20bfde08a00ea8a3>::operator () : 20 -  " Current Thread ID is 0x3eac." "错误（211000）： 用户登录用户密码， 详情： 腾讯云错误码【SignatureDoesNotMatch】：The Signature you specified is invalid."
"腾讯云错误码【SignatureDoesNotMatch】：The Signature you specified is invalid."
2025-03-11T18:53:40[ERROR] qosbrowser\src\bend\gateway.cpp GateWay::send::<lambda_ecc1db54a593729f20bfde08a00ea8a3>::operator () : 20 -  " Current Thread ID is 0x4878." "错误（211000）： 用户登录用户密码， 详情： 腾讯云错误码【SignatureDoesNotMatch】：The Signature you specified is invalid."
"腾讯云错误码【SignatureDoesNotMatch】：The Signature you specified is invalid."
2025-03-11T18:55:37[ERROR] qosbrowser\src\bend\gateway.cpp GateWay::send::<lambda_ecc1db54a593729f20bfde08a00ea8a3>::operator () : 20 -  " Current Thread ID is 0xa44." "错误（211000）： 用户登录用户密码， 详情： 腾讯云错误码【SignatureDoesNotMatch】：The Signature you specified is invalid."
"腾讯云错误码【SignatureDoesNotMatch】：The Signature you specified is invalid."
2025-03-11T18:55:39[ERROR] qosbrowser\src\bend\gateway.cpp GateWay::send::<lambda_ecc1db54a593729f20bfde08a00ea8a3>::operator () : 20 -  " Current Thread ID is 0x5fc8." "错误（211000）： 用户登录用户密码， 详情： 腾讯云错误码【SignatureDoesNotMatch】：The Signature you specified is invalid."
2025-03-11T22:45:00[WARNING] qosbrowser\src\bend\dao\configs\versionjson.cpp VersionJson::setVersion : 24 -  ""
2025-03-11T22:45:00[WARNING] qosbrowser\src\bend\dao\clouds\daocloudscos.cpp DaoCloudsCos::DaoCloudsCos : 12 -  "The program uses Tencent cloud object storage."
"腾讯云错误码【SignatureDoesNotMatch】：The Signature you specified is invalid."
2025-03-11T22:46:55[ERROR] qosbrowser\src\bend\gateway.cpp GateWay::send::<lambda_ecc1db54a593729f20bfde08a00ea8a3>::operator () : 20 -  " Current Thread ID is 0x4794." "错误（211000）： 用户登录用户密码， 详情： 腾讯云错误码【SignatureDoesNotMatch】：The Signature you specified is invalid."
"腾讯云错误码【SignatureDoesNotMatch】：The Signature you specified is invalid."
2025-03-11T22:52:00[ERROR] qosbrowser\src\bend\gateway.cpp GateWay::send::<lambda_ecc1db54a593729f20bfde08a00ea8a3>::operator () : 20 -  " Current Thread ID is 0x5214." "错误（211000）： 用户登录用户密码， 详情： 腾讯云错误码【SignatureDoesNotMatch】：The Signature you specified is invalid."
"腾讯云错误码【SignatureDoesNotMatch】：The Signature you specified is invalid."
2025-03-11T22:52:03[ERROR] qosbrowser\src\bend\gateway.cpp GateWay::send::<lambda_ecc1db54a593729f20bfde08a00ea8a3>::operator () : 20 -  " Current Thread ID is 0x2ff4." "错误（211000）： 用户登录用户密码， 详情： 腾讯云错误码【SignatureDoesNotMatch】：The Signature you specified is invalid."
2025-03-11T22:56:28[WARNING] qosbrowser\src\bend\dao\configs\versionjson.cpp VersionJson::setVersion : 24 -  ""
2025-03-11T22:56:28[WARNING] qosbrowser\src\bend\dao\clouds\daocloudscos.cpp DaoCloudsCos::DaoCloudsCos : 12 -  "The program uses Tencent cloud object storage."
2025-03-11T23:29:33[WARNING] qosbrowser\src\bend\dao\configs\versionjson.cpp VersionJson::setVersion : 24 -  ""
2025-03-11T23:29:33[WARNING] qosbrowser\src\bend\dao\clouds\daocloudscos.cpp DaoCloudsCos::DaoCloudsCos : 12 -  "The program uses Tencent cloud object storage."
2025-03-11T23:31:58[WARNING] qosbrowser\src\bend\gateway.cpp GateWay::apiLogin : 68 -  "Cloud Object Storage secretID: AKIDb6VhhT5uXwGQQEpKfpuoW1Lm380reHnB logined."
2025-03-11T23:32:46[WARNING] qosbrowser\src\bend\gateway.cpp GateWay::apiPutBucket : 81 -  "The User Create a Bucket named: 100041362586"
"腾讯云错误码【】：Invalid access_key secret_key or region, please check your configuration"
2025-03-11T23:32:46[ERROR] qosbrowser\src\bend\gateway.cpp GateWay::send::<lambda_ecc1db54a593729f20bfde08a00ea8a3>::operator () : 20 -  " Current Thread ID is 0x21f0." "错误（331100）： 供应商腾讯云桶创建， 详情： 腾讯云错误码【】：Invalid access_key secret_key or region, please check your configuration"
"腾讯云错误码【】：Invalid access_key secret_key or region, please check your configuration"
reate a Bucket named: 100041362586"
2025-03-11T23:33:01[ERROR] qosbrowser\src\bend\gateway.cpp GateWay::send::<lambda_ecc1db54a593729f20bfde08a00ea8a3>::operator () : 20 -  " Current Thread ID is 0x21f0." "错误（211000）： 用户登录用户密码， 详情： 腾讯云错误码【】：Invalid access_key secret_key or region, please check your configuration"
"腾讯云错误码【】：Invalid access_key secret_key or region, please check your configuration"
reate a Bucket named: 222-100041362586"
2025-03-11T23:33:28[ERROR] qosbrowser\src\bend\gateway.cpp GateWay::send::<lambda_ecc1db54a593729f20bfde08a00ea8a3>::operator () : 20 -  " Current Thread ID is 0x21f0." "错误（211000）： 用户登录用户密码， 详情： 腾讯云错误码【】：Invalid access_key secret_key or region, please check your configuration"
2025-03-11T23:34:09[WARNING] qosbrowser\src\bend\gateway.cpp GateWay::apiPutBucket : 81 -  "The User Create a Bucket named: 222-1325116577"
2025-03-11T23:34:09[ERROR] qosbrowser\src\bend\gateway.cpp GateWay::send::<lambda_ecc1db54a593729f20bfde08a00ea8a3>::operator () : 20 -  " Current Thread ID is 0x4fb8." "错误（211000）： 用户登录用户密码， 详情： 腾讯云错误码【】：Invalid access_key secret_key or region, please check your configuration"
"腾讯云错误码【】：Invalid access_key secret_key or region, please check your configuration"
2025-03-11T23:34:27[ERROR] qosbrowser\src\bend\gateway.cpp GateWay::send::<lambda_ecc1db54a593729f20bfde08a00ea8a3>::operator () : 20 -  " Current Thread ID is 0x4fb8." "错误（211000）： 用户登录用户密码， 详情： 腾讯云错误码【】：Invalid access_key secret_key or region, please check your configuration"
"腾讯云错误码【】：Invalid access_key secret_key or region, please check your configuration"
2025-03-11T23:34:29[ERROR] qosbrowser\src\bend\gateway.cpp GateWay::send::<lambda_ecc1db54a593729f20bfde08a00ea8a3>::operator () : 20 -  " Current Thread ID is 0x4fb8." "错误（211000）： 用户登录用户密码， 详情： 腾讯云错误码【】：Invalid access_key secret_key or region, please check your configuration"
"腾讯云错误码【】：Invalid access_key secret_key or region, please check your configuration"
2025-03-11T23:34:36[ERROR] qosbrowser\src\bend\gateway.cpp GateWay::send::<lambda_ecc1db54a593729f20bfde08a00ea8a3>::operator () : 20 -  " Current Thread ID is 0x4fb8." "错误（211000）： 用户登录用户密码， 详情： 腾讯云错误码【】：Invalid access_key secret_key or region, please check your configuration"
"腾讯云错误码【】：Invalid access_key secret_key or region, please check your configuration"
2025-03-11T23:34:37[ERROR] qosbrowser\src\bend\gateway.cpp GateWay::send::<lambda_ecc1db54a593729f20bfde08a00ea8a3>::operator () : 20 -  " Current Thread ID is 0x4fb8." "错误（211000）： 用户登录用户密码， 详情： 腾讯云错误码【】：Invalid access_key secret_key or region, please check your configuration"
"腾讯云错误码【】：Invalid access_key secret_key or region, please check your configuration"
2025-03-11T23:34:40[ERROR] qosbrowser\src\bend\gateway.cpp GateWay::send::<lambda_ecc1db54a593729f20bfde08a00ea8a3>::operator () : 20 -  " Current Thread ID is 0x4fb8." "错误（211000）： 用户登录用户密码， 详情： 腾讯云错误码【】：Invalid access_key secret_key or region, please check your configuration"
2025-03-11T23:34:49[WARNING] qosbrowser\src\bend\gateway.cpp GateWay::apiLogin : 68 -  "Cloud Object Storage secretID: AKIDb6VhhT5uXwGQQEpKfpuoW1Lm380reHnB logined."
2025-03-11T23:39:54[WARNING] qosbrowser\src\bend\gateway.cpp GateWay::apiLogin : 68 -  "Cloud Object Storage secretID: AKIDb6VhhT5uXwGQQEpKfpuoW1Lm380reHnB logined."
2025-03-11T23:40:34[WARNING] qosbrowser\src\bend\gateway.cpp GateWay::apiPutBucket : 81 -  "The User Create a Bucket named: 222-1325116577"
2025-03-11T23:41:37[WARNING] qosbrowser\src\bend\gateway.cpp GateWay::apiPutObject : 106 -  "The User Upload a Object named: 个人简历.pdf"
2025-03-11T23:42:19[WARNING] qosbrowser\src\bend\gateway.cpp GateWay::apiPutObject : 106 -  "The User Upload a Object named: 个人简历.pdf"
